1539644801346	mozrunner::runner	INFO	Running command: "C:\\Program Files\\Mozilla Firefox\\firefox.exe" "-marionette" "-foreground" "-no-remote" "-profile" "C:\\Users\\ADMINI~1\\AppData\\Local\\Temp\\rust_mozprofile.ulygYfHZ8mG3"
1539644809746	Marionette	INFO	Listening on port 3076
1539644810369	Marionette	WARN	TLS certificate errors will be ignored for this session
1539644810408	Marionette	DEBUG	[4294967297] Frame script loaded
1539644810517	Marionette	DEBUG	[4294967297] Frame script registered
1539644810528	Marionette	DEBUG	[4294967297] Received DOM event beforeunload for about:blank
1539644812721	Marionette	DEBUG	[4294967297] Received DOM event pagehide for about:blank
1539644815125	Marionette	DEBUG	[4294967297] Received DOM event DOMContentLoaded for https://cas.homeaway.com/auth/homeaway/login?service=https%3A%2F%2Fwww.homeaway.com%2Fhaod%2Fauth%2Fsignin.html
JavaScript warning: https://cas.homeaway.com/_Incapsula_Resource?SWJIYLWA=719d34d31c8e3a6e6fffd425f7e032f3&ns=1&cb=277194201, line 1: unreachable code after return statement
JavaScript warning: https://cas.homeaway.com/_Incapsula_Resource?SWJIYLWA=719d34d31c8e3a6e6fffd425f7e032f3&ns=1&cb=277194201, line 1: unreachable code after return statement
JavaScript warning: https://cas.homeaway.com/_Incapsula_Resource?SWJIYLWA=719d34d31c8e3a6e6fffd425f7e032f3&ns=1&cb=277194201 line 1 > eval, line 1: unreachable code after return statement
1539644816980	Marionette	DEBUG	[4294967297] Received DOM event pageshow for https://cas.homeaway.com/auth/homeaway/login?service=https%3A%2F%2Fwww.homeaway.com%2Fhaod%2Fauth%2Fsignin.html
[Parent 6984, Gecko_IOThread] WARNING: pipe error: 109: file z:/build/build/src/ipc/chromium/src/chrome/common/ipc_channel_win.cc, line 346
[Parent 6984, Gecko_IOThread] WARNING: pipe error: 109: file z:/build/build/src/ipc/chromium/src/chrome/common/ipc_channel_win.cc, line 346
1539644837282	Marionette	INFO	Stopped listening on port 3076
[Child 7304, Chrome_ChildThread] WARNING: pipe error: 109: file z:/build/build/src/ipc/chromium/src/chrome/common/ipc_channel_win.cc, line 346
[Child 7304, Chrome_ChildThread] WARNING: pipe error: 109: file z:/build/build/src/ipc/chromium/src/chrome/common/ipc_channel_win.cc, line 346
[Parent 6984, Gecko_IOThread] WARNING: pipe error: 109: file z:/build/build/src/ipc/chromium/src/chrome/common/ipc_channel_win.cc, line 346
[Child 7052, Chrome_ChildThread] WARNING: pipe error: 109: file z:/build/build/src/ipc/chromium/src/chrome/common/ipc_channel_win.cc, line 346
[Parent 6984, Gecko_IOThread] WARNING: pipe error: 109: file z:/build/build/src/ipc/chromium/src/chrome/common/ipc_channel_win.cc, line 346
[Child 6748, Chrome_ChildThread] WARNING: pipe error: 109: file z:/build/build/src/ipc/chromium/src/chrome/common/ipc_channel_win.cc, line 346
[Child 6748, Chrome_ChildThread] WARNING: pipe error: 109: file z:/build/build/src/ipc/chromium/src/chrome/common/ipc_channel_win.cc, line 346
[GPU 6408, Chrome_ChildThread] WARNING: pipe error: 109: file z:/build/build/src/ipc/chromium/src/chrome/common/ipc_channel_win.cc, line 346

###!!! [Child][MessageChannel::SendAndWait] Error: Channel error: cannot send/recv

1539644868140	mozrunner::runner	INFO	Running command: "C:\\Program Files\\Mozilla Firefox\\firefox.exe" "-marionette" "-foreground" "-no-remote" "-profile" "C:\\Users\\ADMINI~1\\AppData\\Local\\Temp\\rust_mozprofile.I4SR5fAa17VX"
1539644872359	Marionette	INFO	Listening on port 3197
1539644872509	Marionette	WARN	TLS certificate errors will be ignored for this session
1539644872532	Marionette	DEBUG	[6442450945] Frame script loaded
1539644872537	Marionette	DEBUG	[6442450945] Frame script registered
1539644872551	Marionette	DEBUG	[6442450945] Received DOM event beforeunload for about:blank
1539644875024	Marionette	DEBUG	[6442450945] Received DOM event pagehide for about:blank
1539644877210	Marionette	DEBUG	[6442450945] Received DOM event DOMContentLoaded for https://cas.homeaway.com/auth/homeaway/login?service=https%3A%2F%2Fwww.homeaway.com%2Fhaod%2Fauth%2Fsignin.html
JavaScript warning: https://cas.homeaway.com/_Incapsula_Resource?SWJIYLWA=719d34d31c8e3a6e6fffd425f7e032f3&ns=1&cb=1415658429, line 1: unreachable code after return statement
JavaScript warning: https://cas.homeaway.com/_Incapsula_Resource?SWJIYLWA=719d34d31c8e3a6e6fffd425f7e032f3&ns=1&cb=1415658429, line 1: unreachable code after return statement
JavaScript warning: https://cas.homeaway.com/_Incapsula_Resource?SWJIYLWA=719d34d31c8e3a6e6fffd425f7e032f3&ns=1&cb=1415658429 line 1 > eval, line 1: unreachable code after return statement
1539644879094	Marionette	DEBUG	[6442450945] Received DOM event pageshow for https://cas.homeaway.com/auth/homeaway/login?service=https%3A%2F%2Fwww.homeaway.com%2Fhaod%2Fauth%2Fsignin.html
JavaScript error: resource:///modules/PageStyleHandler.jsm, line 54: NS_NOINTERFACE: Component returned failure code: 0x80004002 (NS_NOINTERFACE) [nsIInterfaceRequestor.getInterface]
[Parent 7364, Gecko_IOThread] WARNING: pipe error: 109: file z:/build/build/src/ipc/chromium/src/chrome/common/ipc_channel_win.cc, line 346
JavaScript warning: https://www.homeaway.com/_Incapsula_Resource?SWJIYLWA=719d34d31c8e3a6e6fffd425f7e032f3&ns=4&cb=838111176, line 1: unreachable code after return statement
JavaScript warning: https://www.homeaway.com/_Incapsula_Resource?SWJIYLWA=719d34d31c8e3a6e6fffd425f7e032f3&ns=4&cb=838111176, line 1: unreachable code after return statement
JavaScript warning: https://www.homeaway.com/_Incapsula_Resource?SWJIYLWA=719d34d31c8e3a6e6fffd425f7e032f3&ns=4&cb=838111176 line 1 > eval, line 1: unreachable code after return statement
JavaScript warning: https://csvcus.homeaway.com/rsrcs/jquery/1.10.2/jquery.min.js, line 1: Using //@ to indicate sourceMappingURL pragmas is deprecated. Use //# instead
JavaScript warning: https://www.googletagmanager.com/gtag/js?id=AW-956451546&l=adwordsDataLayer, line 74: unreachable code after return statement
JavaScript warning: https://www.googletagmanager.com/gtag/js?id=AW-956451546&l=adwordsDataLayer, line 74: unreachable code after return statement
[Parent 7364, Gecko_IOThread] WARNING: pipe error: 109: file z:/build/build/src/ipc/chromium/src/chrome/common/ipc_channel_win.cc, line 346
1539645028430	Marionette	DEBUG	[2147483652] Frame script loaded
1539645028443	Marionette	DEBUG	[6442450985] Frame script loaded
1539645028446	Marionette	DEBUG	[2147483652] Frame script registered
1539645028447	Marionette	DEBUG	[6442450985] Frame script registered
1539645055319	Marionette	DEBUG	[8589934593] Frame script loaded
1539645055320	Marionette	DEBUG	[8589934593] Frame script registered
1539646896283	Marionette	INFO	Stopped listening on port 3197
[Parent 7364, Gecko_IOThread] WARNING: pipe error: 109: file z:/build/build/src/ipc/chromium/src/chrome/common/ipc_channel_win.cc, line 346
[Child 6028, Chrome_ChildThread] WARNING: pipe error: 109: file z:/build/build/src/ipc/chromium/src/chrome/common/ipc_channel_win.cc, line 346
[Child 6028, Chrome_ChildThread] WARNING: pipe error: 109: file z:/build/build/src/ipc/chromium/src/chrome/common/ipc_channel_win.cc, line 346
[Child 2440, Chrome_ChildThread] WARNING: pipe error: 109: file z:/build/build/src/ipc/chromium/src/chrome/common/ipc_channel_win.cc, line 346
[Child 2440, Chrome_ChildThread] WARNING: pipe error: 109: file z:/build/build/src/ipc/chromium/src/chrome/common/ipc_channel_win.cc, line 346
[Parent 7364, Gecko_IOThread] WARNING: pipe error: 109: file z:/build/build/src/ipc/chromium/src/chrome/common/ipc_channel_win.cc, line 346
[Child 1500, Chrome_ChildThread] WARNING: pipe error: 109: file z:/build/build/src/ipc/chromium/src/chrome/common/ipc_channel_win.cc, line 346
[Child 1500, Chrome_ChildThread] WARNING: pipe error: 109: file z:/build/build/src/ipc/chromium/src/chrome/common/ipc_channel_win.cc, line 346
[Child 8132, Chrome_ChildThread] WARNING: pipe error: 109: file z:/build/build/src/ipc/chromium/src/chrome/common/ipc_channel_win.cc, line 346
[Child 8132, Chrome_ChildThread] WARNING: pipe error: 109: file z:/build/build/src/ipc/chromium/src/chrome/common/ipc_channel_win.cc, line 346
IPDL protocol error: Handler returned error code!

###!!! [Parent][DispatchAsyncMessage] Error: PLayerTransaction::Msg_ReleaseLayer Processing error: message was deserialized, but the handler returned false (indicating failure)

IPDL protocol error: Handler returned error code!

###!!! [Parent][DispatchAsyncMessage] Error: PLayerTransaction::Msg_ReleaseLayer Processing error: message was deserialized, but the handler returned false (indicating failure)

IPDL protocol error: Handler returned error code!

###!!! [Parent][DispatchAsyncMessage] Error: PLayerTransaction::Msg_ReleaseLayer Processing error: message was deserialized, but the handler returned false (indicating failure)

IPDL protocol error: Handler returned error code!

###!!! [Parent][DispatchAsyncMessage] Error: PLayerTransaction::Msg_ReleaseLayer Processing error: message was deserialized, but the handler returned false (indicating failure)

IPDL protocol error: Handler returned error code!

###!!! [Parent][DispatchAsyncMessage] Error: PLayerTransaction::Msg_ReleaseLayer Processing error: message was deserialized, but the handler returned false (indicating failure)

IPDL protocol error: Handler returned error code!

###!!! [Parent][DispatchAsyncMessage] Error: PLayerTransaction::Msg_ReleaseLayer Processing error: message was deserialized, but the handler returned false (indicating failure)

IPDL protocol error: Handler returned error code!

###!!! [Parent][DispatchAsyncMessage] Error: PLayerTransaction::Msg_ReleaseLayer Processing error: message was deserialized, but the handler returned false (indicating failure)

IPDL protocol error: Handler returned error code!

###!!! [Parent][DispatchAsyncMessage] Error: PLayerTransaction::Msg_ReleaseLayer Processing error: message was deserialized, but the handler returned false (indicating failure)

IPDL protocol error: Handler returned error code!

###!!! [Parent][DispatchAsyncMessage] Error: PLayerTransaction::Msg_ReleaseLayer Processing error: message was deserialized, but the handler returned false (indicating failure)

IPDL protocol error: Handler returned error code!

###!!! [Parent][DispatchAsyncMessage] Error: PLayerTransaction::Msg_ReleaseLayer Processing error: message was deserialized, but the handler returned false (indicating failure)

IPDL protocol error: Handler returned error code!

###!!! [Parent][DispatchAsyncMessage] Error: PLayerTransaction::Msg_ReleaseLayer Processing error: message was deserialized, but the handler returned false (indicating failure)

IPDL protocol error: Handler returned error code!

###!!! [Parent][DispatchAsyncMessage] Error: PLayerTransaction::Msg_ReleaseLayer Processing error: message was deserialized, but the handler returned false (indicating failure)

IPDL protocol error: Handler returned error code!

###!!! [Parent][DispatchAsyncMessage] Error: PLayerTransaction::Msg_ReleaseLayer Processing error: message was deserialized, but the handler returned false (indicating failure)

IPDL protocol error: Handler returned error code!

###!!! [Parent][DispatchAsyncMessage] Error: PLayerTransaction::Msg_ReleaseLayer Processing error: message was deserialized, but the handler returned false (indicating failure)

IPDL protocol error: Handler returned error code!

###!!! [Parent][DispatchAsyncMessage] Error: PLayerTransaction::Msg_ReleaseLayer Processing error: message was deserialized, but the handler returned false (indicating failure)

IPDL protocol error: Handler returned error code!

###!!! [Parent][DispatchAsyncMessage] Error: PLayerTransaction::Msg_ReleaseLayer Processing error: message was deserialized, but the handler returned false (indicating failure)

[Parent 7364, Gecko_IOThread] WARNING: pipe error: 109: file z:/build/build/src/ipc/chromium/src/chrome/common/ipc_channel_win.cc, line 346
[Child 5748, Chrome_ChildThread] WARNING: pipe error: 109: file z:/build/build/src/ipc/chromium/src/chrome/common/ipc_channel_win.cc, line 346
[Child 5748, Chrome_ChildThread] WARNING: pipe error: 109: file z:/build/build/src/ipc/chromium/src/chrome/common/ipc_channel_win.cc, line 346
[GPU 7692, Chrome_ChildThread] WARNING: pipe error: 109: file z:/build/build/src/ipc/chromium/src/chrome/common/ipc_channel_win.cc, line 346

###!!! [Child][MessageChannel::SendAndWait] Error: Channel error: cannot send/recv

1539646913373	mozrunner::runner	INFO	Running command: "C:\\Program Files\\Mozilla Firefox\\firefox.exe" "-marionette" "-foreground" "-no-remote" "-profile" "C:\\Users\\ADMINI~1\\AppData\\Local\\Temp\\rust_mozprofile.Mv4cY6OydBSP"
1539646918519	Marionette	INFO	Listening on port 6710
1539646918878	Marionette	WARN	TLS certificate errors will be ignored for this session
1539646918900	Marionette	DEBUG	[6442450945] Frame script loaded
1539646918902	Marionette	DEBUG	[6442450945] Frame script registered
1539646918914	Marionette	DEBUG	[6442450945] Received DOM event beforeunload for about:blank
1539646922168	Marionette	DEBUG	[6442450945] Received DOM event pagehide for about:blank
1539646924140	Marionette	DEBUG	[6442450945] Received DOM event DOMContentLoaded for https://cas.homeaway.com/auth/homeaway/login?service=https%3A%2F%2Fwww.homeaway.com%2Fhaod%2Fauth%2Fsignin.html
JavaScript warning: https://cas.homeaway.com/_Incapsula_Resource?SWJIYLWA=719d34d31c8e3a6e6fffd425f7e032f3&ns=1&cb=1991571440, line 1: unreachable code after return statement
JavaScript warning: https://cas.homeaway.com/_Incapsula_Resource?SWJIYLWA=719d34d31c8e3a6e6fffd425f7e032f3&ns=1&cb=1991571440, line 1: unreachable code after return statement
JavaScript warning: https://cas.homeaway.com/_Incapsula_Resource?SWJIYLWA=719d34d31c8e3a6e6fffd425f7e032f3&ns=1&cb=1991571440 line 1 > eval, line 1: unreachable code after return statement
1539646927114	Marionette	DEBUG	[6442450945] Received DOM event pageshow for https://cas.homeaway.com/auth/homeaway/login?service=https%3A%2F%2Fwww.homeaway.com%2Fhaod%2Fauth%2Fsignin.html
JavaScript warning: https://www.homeaway.com/_Incapsula_Resource?SWJIYLWA=719d34d31c8e3a6e6fffd425f7e032f3&ns=4&cb=1122399749, line 1: unreachable code after return statement
JavaScript warning: https://www.homeaway.com/_Incapsula_Resource?SWJIYLWA=719d34d31c8e3a6e6fffd425f7e032f3&ns=4&cb=1122399749, line 1: unreachable code after return statement
JavaScript warning: https://www.homeaway.com/_Incapsula_Resource?SWJIYLWA=719d34d31c8e3a6e6fffd425f7e032f3&ns=4&cb=1122399749 line 1 > eval, line 1: unreachable code after return statement
JavaScript warning: https://csvcus.homeaway.com/rsrcs/jquery/1.10.2/jquery.min.js, line 1: Using //@ to indicate sourceMappingURL pragmas is deprecated. Use //# instead
JavaScript warning: https://www.googletagmanager.com/gtag/js?id=AW-956451546&l=adwordsDataLayer, line 74: unreachable code after return statement
JavaScript warning: https://www.googletagmanager.com/gtag/js?id=AW-956451546&l=adwordsDataLayer, line 74: unreachable code after return statement
1539646965906	Marionette	INFO	Stopped listening on port 6710
[Child 6912, Chrome_ChildThread] WARNING: pipe error: 109: file z:/build/build/src/ipc/chromium/src/chrome/common/ipc_channel_win.cc, line 346
[Child 6912, Chrome_ChildThread] WARNING: pipe error: 109: file z:/build/build/src/ipc/chromium/src/chrome/common/ipc_channel_win.cc, line 346
[Parent 7520, Gecko_IOThread] WARNING: pipe error: 109: file z:/build/build/src/ipc/chromium/src/chrome/common/ipc_channel_win.cc, line 346
[Parent 7520, Gecko_IOThread] WARNING: pipe error: 109: file z:/build/build/src/ipc/chromium/src/chrome/common/ipc_channel_win.cc, line 346
[Child 3840, Chrome_ChildThread] WARNING: pipe error: 109: file z:/build/build/src/ipc/chromium/src/chrome/common/ipc_channel_win.cc, line 346
[Parent 7520, Gecko_IOThread] WARNING: pipe error: 109: file z:/build/build/src/ipc/chromium/src/chrome/common/ipc_channel_win.cc, line 346
[Child 5548, Chrome_ChildThread] WARNING: pipe error: 109: file z:/build/build/src/ipc/chromium/src/chrome/common/ipc_channel_win.cc, line 346
[Child 5548, Chrome_ChildThread] WARNING: pipe error: 109: file z:/build/build/src/ipc/chromium/src/chrome/common/ipc_channel_win.cc, line 346
[GPU 4316, Chrome_ChildThread] WARNING: pipe error: 109: file z:/build/build/src/ipc/chromium/src/chrome/common/ipc_channel_win.cc, line 346

###!!! [Child][MessageChannel::SendAndWait] Error: Channel error: cannot send/recv

1539655101953	mozrunner::runner	INFO	Running command: "C:\\Program Files\\Mozilla Firefox\\firefox.exe" "-marionette" "-foreground" "-no-remote" "-profile" "C:\\Users\\ADMINI~1\\AppData\\Local\\Temp\\rust_mozprofile.JkHXze7OUHhF"
1539655111436	Marionette	INFO	Listening on port 16473
1539655112231	Marionette	WARN	TLS certificate errors will be ignored for this session
1539655115758	Marionette	DEBUG	[4294967297] Frame script loaded
1539655115759	Marionette	DEBUG	[4294967297] Frame script registered
1539655115903	Marionette	DEBUG	[4294967297] Received DOM event beforeunload for about:blank
1539655125921	Marionette	DEBUG	[4294967297] Received DOM event pagehide for about:blank
1539655158315	Marionette	DEBUG	[4294967297] Received DOM event DOMContentLoaded for https://cas.homeaway.com/auth/homeaway/login?service=https%3A%2F%2Fwww.homeaway.com%2Fhaod%2Fauth%2Fsignin.html
JavaScript warning: https://cas.homeaway.com/_Incapsula_Resource?SWJIYLWA=719d34d31c8e3a6e6fffd425f7e032f3&ns=1&cb=2142202254, line 1: unreachable code after return statement
JavaScript warning: https://cas.homeaway.com/_Incapsula_Resource?SWJIYLWA=719d34d31c8e3a6e6fffd425f7e032f3&ns=1&cb=2142202254, line 1: unreachable code after return statement
JavaScript warning: https://cas.homeaway.com/_Incapsula_Resource?SWJIYLWA=719d34d31c8e3a6e6fffd425f7e032f3&ns=1&cb=2142202254 line 1 > eval, line 1: unreachable code after return statement
1539655292458	Marionette	DEBUG	[4294967297] Received DOM event unload for https://cas.homeaway.com/auth/homeaway/login?service=https%3A%2F%2Fwww.homeaway.com%2Fhaod%2Fauth%2Fsignin.html
1539655292460	Marionette	DEBUG	[4294967297] Received observer notification outer-window-destroyed for 4294967297
[Parent 6132, Gecko_IOThread] WARNING: pipe error: 109: file z:/build/build/src/ipc/chromium/src/chrome/common/ipc_channel_win.cc, line 346
[Parent 6132, Gecko_IOThread] WARNING: pipe error: 109: file z:/build/build/src/ipc/chromium/src/chrome/common/ipc_channel_win.cc, line 346
[Child 7884, Chrome_ChildThread] WARNING: pipe error: 109: file z:/build/build/src/ipc/chromium/src/chrome/common/ipc_channel_win.cc, line 346
[Child 7884, Chrome_ChildThread] WARNING: pipe error: 109: file z:/build/build/src/ipc/chromium/src/chrome/common/ipc_channel_win.cc, line 346
[Child 5196, Chrome_ChildThread] WARNING: pipe error: 109: file z:/build/build/src/ipc/chromium/src/chrome/common/ipc_channel_win.cc, line 346
[Child 5196, Chrome_ChildThread] WARNING: pipe error: 109: file z:/build/build/src/ipc/chromium/src/chrome/common/ipc_channel_win.cc, line 346
[Parent 6132, Gecko_IOThread] WARNING: pipe error: 109: file z:/build/build/src/ipc/chromium/src/chrome/common/ipc_channel_win.cc, line 346
[Child 7096, Chrome_ChildThread] WARNING: pipe error: 109: file z:/build/build/src/ipc/chromium/src/chrome/common/ipc_channel_win.cc, line 346
[Child 7096, Chrome_ChildThread] WARNING: pipe error: 109: file z:/build/build/src/ipc/chromium/src/chrome/common/ipc_channel_win.cc, line 346
1539655293405	Marionette	INFO	Stopped listening on port 16473
[GPU 3696, Chrome_ChildThread] WARNING: pipe error: 109: file z:/build/build/src/ipc/chromium/src/chrome/common/ipc_channel_win.cc, line 346

###!!! [Child][MessageChannel::SendAndWait] Error: Channel error: cannot send/recv

1539662617848	mozrunner::runner	INFO	Running command: "C:\\Program Files\\Mozilla Firefox\\firefox.exe" "-marionette" "-foreground" "-no-remote" "-profile" "C:\\Users\\ADMINI~1\\AppData\\Local\\Temp\\rust_mozprofile.1HmBM9zZ7zOY"
1539662624217	Marionette	INFO	Listening on port 25904
1539662624582	Marionette	WARN	TLS certificate errors will be ignored for this session
1539662624678	Marionette	DEBUG	[4294967297] Frame script loaded
1539662625256	Marionette	DEBUG	[4294967297] Frame script registered
1539662625715	Marionette	DEBUG	[4294967297] Received DOM event beforeunload for about:blank
1539662630861	Marionette	DEBUG	[4294967297] Received DOM event pagehide for about:blank
1539662638846	Marionette	DEBUG	[4294967297] Received DOM event DOMContentLoaded for https://cas.homeaway.com/auth/homeaway/login?service=https%3A%2F%2Fwww.homeaway.com%2Fhaod%2Fauth%2Fsignin.html
JavaScript warning: https://cas.homeaway.com/_Incapsula_Resource?SWJIYLWA=719d34d31c8e3a6e6fffd425f7e032f3&ns=1&cb=214852195, line 1: unreachable code after return statement
JavaScript warning: https://cas.homeaway.com/_Incapsula_Resource?SWJIYLWA=719d34d31c8e3a6e6fffd425f7e032f3&ns=1&cb=214852195, line 1: unreachable code after return statement
JavaScript warning: https://cas.homeaway.com/_Incapsula_Resource?SWJIYLWA=719d34d31c8e3a6e6fffd425f7e032f3&ns=1&cb=214852195 line 1 > eval, line 1: unreachable code after return statement
1539662650944	Marionette	DEBUG	[4294967297] Received DOM event pageshow for https://cas.homeaway.com/auth/homeaway/login?service=https%3A%2F%2Fwww.homeaway.com%2Fhaod%2Fauth%2Fsignin.html
[Parent 4296, Gecko_IOThread] WARNING: pipe error: 109: file z:/build/build/src/ipc/chromium/src/chrome/common/ipc_channel_win.cc, line 346
JavaScript warning: https://www.homeaway.com/_Incapsula_Resource?SWJIYLWA=719d34d31c8e3a6e6fffd425f7e032f3&ns=3&cb=726667801, line 1: unreachable code after return statement
JavaScript warning: https://www.homeaway.com/_Incapsula_Resource?SWJIYLWA=719d34d31c8e3a6e6fffd425f7e032f3&ns=3&cb=726667801, line 1: unreachable code after return statement
JavaScript warning: https://www.homeaway.com/_Incapsula_Resource?SWJIYLWA=719d34d31c8e3a6e6fffd425f7e032f3&ns=3&cb=726667801 line 1 > eval, line 1: unreachable code after return statement
JavaScript warning: https://csvcus.homeaway.com/rsrcs/jquery/1.10.2/jquery.min.js, line 1: Using //@ to indicate sourceMappingURL pragmas is deprecated. Use //# instead
1539662681230	Marionette	INFO	Stopped listening on port 25904
JavaScript error: https://csvcus.homeaway.com/rsrcs/require/2.1.8/require.min.js, line 8: Error: Script error for: @homeaway/partner-nav
http://requirejs.org/docs/errors.html#scripterror
[Child 4684, Chrome_ChildThread] WARNING: pipe error: 109: file z:/build/build/src/ipc/chromium/src/chrome/common/ipc_channel_win.cc, line 346
[Child 4684, Chrome_ChildThread] WARNING: pipe error: 109: file z:/build/build/src/ipc/chromium/src/chrome/common/ipc_channel_win.cc, line 346
JavaScript error: https://csvcus.homeaway.com/rsrcs/require/2.1.8/require.min.js, line 8: Error: Script error for: react-dom
http://requirejs.org/docs/errors.html#scripterror
[Parent 4296, Gecko_IOThread] WARNING: pipe error: 109: file z:/build/build/src/ipc/chromium/src/chrome/common/ipc_channel_win.cc, line 346
JavaScript error: https://csvcus.homeaway.com/rsrcs/require/2.1.8/require.min.js, line 8: Error: Script error for: react
http://requirejs.org/docs/errors.html#scripterror
[Parent 4296, Gecko_IOThread] WARNING: file z:/build/build/src/ipc/chromium/src/base/process_util_win.cc, line 188
[Child 7632, Chrome_ChildThread] WARNING: pipe error: 232: file z:/build/build/src/ipc/chromium/src/chrome/common/ipc_channel_win.cc, line 513
[Child 7632, Chrome_ChildThread] WARNING: pipe error: 109: file z:/build/build/src/ipc/chromium/src/chrome/common/ipc_channel_win.cc, line 346
[Parent 4296, Gecko_IOThread] WARNING: pipe error: 109: file z:/build/build/src/ipc/chromium/src/chrome/common/ipc_channel_win.cc, line 346
[Child 9488, Chrome_ChildThread] WARNING: pipe error: 109: file z:/build/build/src/ipc/chromium/src/chrome/common/ipc_channel_win.cc, line 346
[Child 9488, Chrome_ChildThread] WARNING: pipe error: 109: file z:/build/build/src/ipc/chromium/src/chrome/common/ipc_channel_win.cc, line 346
[GPU 5996, Chrome_ChildThread] WARNING: pipe error: 109: file z:/build/build/src/ipc/chromium/src/chrome/common/ipc_channel_win.cc, line 346

###!!! [Child][MessageChannel::SendAndWait] Error: Channel error: cannot send/recv

1539662727085	mozrunner::runner	INFO	Running command: "C:\\Program Files\\Mozilla Firefox\\firefox.exe" "-marionette" "-foreground" "-no-remote" "-profile" "C:\\Users\\ADMINI~1\\AppData\\Local\\Temp\\rust_mozprofile.HkeOhyvZ5H7y"
1539662730917	Marionette	INFO	Listening on port 26079
1539662731392	Marionette	WARN	TLS certificate errors will be ignored for this session
1539662731417	Marionette	DEBUG	[6442450945] Frame script loaded
1539662731494	Marionette	DEBUG	[6442450945] Frame script registered
1539662731505	Marionette	DEBUG	[6442450945] Received DOM event beforeunload for about:blank
1539662735077	Marionette	DEBUG	[6442450945] Received DOM event pagehide for about:blank
1539662740386	Marionette	DEBUG	[6442450945] Received DOM event DOMContentLoaded for https://cas.homeaway.com/auth/homeaway/login?service=https%3A%2F%2Fwww.homeaway.com%2Fhaod%2Fauth%2Fsignin.html
JavaScript warning: https://cas.homeaway.com/_Incapsula_Resource?SWJIYLWA=719d34d31c8e3a6e6fffd425f7e032f3&ns=1&cb=678250223, line 1: unreachable code after return statement
JavaScript warning: https://cas.homeaway.com/_Incapsula_Resource?SWJIYLWA=719d34d31c8e3a6e6fffd425f7e032f3&ns=1&cb=678250223, line 1: unreachable code after return statement
JavaScript warning: https://cas.homeaway.com/_Incapsula_Resource?SWJIYLWA=719d34d31c8e3a6e6fffd425f7e032f3&ns=1&cb=678250223 line 1 > eval, line 1: unreachable code after return statement
1539662746060	Marionette	DEBUG	[6442450945] Received DOM event pageshow for https://cas.homeaway.com/auth/homeaway/login?service=https%3A%2F%2Fwww.homeaway.com%2Fhaod%2Fauth%2Fsignin.html
[Parent 9448, Gecko_IOThread] WARNING: pipe error: 109: file z:/build/build/src/ipc/chromium/src/chrome/common/ipc_channel_win.cc, line 346
JavaScript error: resource:///modules/PageStyleHandler.jsm, line 54: NS_NOINTERFACE: Component returned failure code: 0x80004002 (NS_NOINTERFACE) [nsIInterfaceRequestor.getInterface]
JavaScript error: resource:///modules/PageStyleHandler.jsm, line 54: NS_NOINTERFACE: Component returned failure code: 0x80004002 (NS_NOINTERFACE) [nsIInterfaceRequestor.getInterface]
JavaScript error: resource:///modules/PageStyleHandler.jsm, line 54: NS_NOINTERFACE: Component returned failure code: 0x80004002 (NS_NOINTERFACE) [nsIInterfaceRequestor.getInterface]
[Parent 9448, Gecko_IOThread] WARNING: pipe error: 109: file z:/build/build/src/ipc/chromium/src/chrome/common/ipc_channel_win.cc, line 346
[Parent 9448, Gecko_IOThread] WARNING: pipe error: 109: file z:/build/build/src/ipc/chromium/src/chrome/common/ipc_channel_win.cc, line 346
[Parent 9448, Gecko_IOThread] WARNING: pipe error: 109: file z:/build/build/src/ipc/chromium/src/chrome/common/ipc_channel_win.cc, line 346
[Child 9304, Chrome_ChildThread] WARNING: pipe error: 109: file z:/build/build/src/ipc/chromium/src/chrome/common/ipc_channel_win.cc, line 346
[Child 9304, Chrome_ChildThread] WARNING: pipe error: 109: file z:/build/build/src/ipc/chromium/src/chrome/common/ipc_channel_win.cc, line 346
[Child 10228, Chrome_ChildThread] WARNING: pipe error: 109: file z:/build/build/src/ipc/chromium/src/chrome/common/ipc_channel_win.cc, line 346
[Child 10228, Chrome_ChildThread] WARNING: pipe error: 109: file z:/build/build/src/ipc/chromium/src/chrome/common/ipc_channel_win.cc, line 346
[Parent 9448, Gecko_IOThread] WARNING: pipe error: 109: file z:/build/build/src/ipc/chromium/src/chrome/common/ipc_channel_win.cc, line 346
[Child 7892, Chrome_ChildThread] WARNING: pipe error: 109: file z:/build/build/src/ipc/chromium/src/chrome/common/ipc_channel_win.cc, line 346
[Child 7892, Chrome_ChildThread] WARNING: pipe error: 109: file z:/build/build/src/ipc/chromium/src/chrome/common/ipc_channel_win.cc, line 346
1539662768703	Marionette	INFO	Stopped listening on port 26079
[GPU 7344, Chrome_ChildThread] WARNING: pipe error: 109: file z:/build/build/src/ipc/chromium/src/chrome/common/ipc_channel_win.cc, line 346

###!!! [Child][MessageChannel::SendAndWait] Error: Channel error: cannot send/recv

1539662807486	mozrunner::runner	INFO	Running command: "C:\\Program Files\\Mozilla Firefox\\firefox.exe" "-marionette" "-foreground" "-no-remote" "-profile" "C:\\Users\\ADMINI~1\\AppData\\Local\\Temp\\rust_mozprofile.7thK8d9RykIT"
1539662818761	Marionette	INFO	Listening on port 26333
1539662819021	Marionette	WARN	TLS certificate errors will be ignored for this session
1539662819045	Marionette	DEBUG	[6442450945] Frame script loaded
1539662819047	Marionette	DEBUG	[6442450945] Frame script registered
1539662819058	Marionette	DEBUG	[6442450945] Received DOM event beforeunload for about:blank
1539662823784	Marionette	DEBUG	[6442450945] Received DOM event pagehide for about:blank
1539662828224	Marionette	DEBUG	[6442450945] Received DOM event DOMContentLoaded for https://cas.homeaway.com/auth/homeaway/login?service=https%3A%2F%2Fwww.homeaway.com%2Fhaod%2Fauth%2Fsignin.html
JavaScript warning: https://cas.homeaway.com/_Incapsula_Resource?SWJIYLWA=719d34d31c8e3a6e6fffd425f7e032f3&ns=2&cb=174145044, line 1: unreachable code after return statement
JavaScript warning: https://cas.homeaway.com/_Incapsula_Resource?SWJIYLWA=719d34d31c8e3a6e6fffd425f7e032f3&ns=2&cb=174145044, line 1: unreachable code after return statement
JavaScript warning: https://cas.homeaway.com/_Incapsula_Resource?SWJIYLWA=719d34d31c8e3a6e6fffd425f7e032f3&ns=2&cb=174145044 line 1 > eval, line 1: unreachable code after return statement
1539662832687	Marionette	DEBUG	[6442450945] Received DOM event pageshow for https://cas.homeaway.com/auth/homeaway/login?service=https%3A%2F%2Fwww.homeaway.com%2Fhaod%2Fauth%2Fsignin.html
JavaScript warning: https://www.homeaway.com/_Incapsula_Resource?SWJIYLWA=719d34d31c8e3a6e6fffd425f7e032f3&ns=3&cb=1116980788, line 1: unreachable code after return statement
JavaScript warning: https://www.homeaway.com/_Incapsula_Resource?SWJIYLWA=719d34d31c8e3a6e6fffd425f7e032f3&ns=3&cb=1116980788, line 1: unreachable code after return statement
JavaScript warning: https://www.homeaway.com/_Incapsula_Resource?SWJIYLWA=719d34d31c8e3a6e6fffd425f7e032f3&ns=3&cb=1116980788 line 1 > eval, line 1: unreachable code after return statement
JavaScript warning: https://csvcus.homeaway.com/rsrcs/jquery/1.10.2/jquery.min.js, line 1: Using //@ to indicate sourceMappingURL pragmas is deprecated. Use //# instead
JavaScript warning: https://www.googletagmanager.com/gtag/js?id=AW-956451546&l=adwordsDataLayer, line 74: unreachable code after return statement
JavaScript warning: https://www.googletagmanager.com/gtag/js?id=AW-956451546&l=adwordsDataLayer, line 74: unreachable code after return statement
1539662864946	Marionette	DEBUG	[6442450945] Received DOM event beforeunload for https://www.homeaway.com/haod/properties.html
JavaScript error: , line 0: uncaught exception: Error loading script: https://cb.8x8.com/license597bc637c83918dd5d37d38a/dist/primary-bundle.js
1539662865807	Marionette	DEBUG	[6442450945] Received DOM event pagehide for https://www.homeaway.com/haod/properties.html
1539662865807	Marionette	DEBUG	[6442450945] Received DOM event unload for https://www.homeaway.com/haod/properties.html
1539662866921	Marionette	DEBUG	[6442450945] Received DOM event DOMContentLoaded for https://cas.homeaway.com/auth/homeaway/login?service=https%3A%2F%2Fwww.homeaway.com%2Flm%2Fauth%2Fsignin.html
1539662870640	Marionette	DEBUG	[6442450945] Received DOM event pageshow for https://cas.homeaway.com/auth/homeaway/login?service=https%3A%2F%2Fwww.homeaway.com%2Flm%2Fauth%2Fsignin.html
[Parent 7252, Gecko_IOThread] WARNING: pipe error: 109: file z:/build/build/src/ipc/chromium/src/chrome/common/ipc_channel_win.cc, line 346
JavaScript warning: https://csvcus.homeaway.com/rsrcs/jquery/1.10.2/jquery.min.js, line 1: Using //@ to indicate sourceMappingURL pragmas is deprecated. Use //# instead
1539662884974	Marionette	DEBUG	[6442450945] Canceled page load listener because no navigation has been detected
JavaScript warning: https://www.googletagmanager.com/gtag/js?id=AW-956451546&l=adwordsDataLayer, line 74: unreachable code after return statement
JavaScript warning: https://www.googletagmanager.com/gtag/js?id=AW-956451546&l=adwordsDataLayer, line 74: unreachable code after return statement
1539662895188	Marionette	DEBUG	[6442450945] Received DOM event beforeunload for https://www.homeaway.com/lm/121.7394528.6765571/loc.html
1539662898055	Marionette	DEBUG	[6442450945] Received DOM event pagehide for https://www.homeaway.com/lm/121.7394528.6765571/loc.html
1539662898055	Marionette	DEBUG	[6442450945] Received DOM event unload for https://www.homeaway.com/lm/121.7394528.6765571/loc.html
1539662904319	Marionette	DEBUG	[6442450945] Received DOM event DOMContentLoaded for https://www.homeaway.com/lm/121.7394552.6765595/loc.html
1539662904326	Marionette	DEBUG	[6442450945] Received observer notification outer-window-destroyed for 6442450982
1539662904326	Marionette	DEBUG	[6442450945] Received observer notification outer-window-destroyed for 6442450978
1539662904326	Marionette	DEBUG	[6442450945] Received observer notification outer-window-destroyed for 6442450979
1539662904327	Marionette	DEBUG	[6442450945] Received observer notification outer-window-destroyed for 6442450976
JavaScript warning: https://csvcus.homeaway.com/rsrcs/jquery/1.10.2/jquery.min.js, line 1: Using //@ to indicate sourceMappingURL pragmas is deprecated. Use //# instead
JavaScript warning: https://www.googletagmanager.com/gtag/js?id=AW-956451546&l=adwordsDataLayer, line 74: unreachable code after return statement
JavaScript warning: https://www.googletagmanager.com/gtag/js?id=AW-956451546&l=adwordsDataLayer, line 74: unreachable code after return statement
1539662915009	Marionette	DEBUG	[6442450945] Received DOM event pageshow for https://www.homeaway.com/lm/121.7394552.6765595/loc.html
[Parent 7252, Gecko_IOThread] WARNING: pipe error: 109: file z:/build/build/src/ipc/chromium/src/chrome/common/ipc_channel_win.cc, line 346
1539662935997	Marionette	INFO	Stopped listening on port 26333
[Child 6908, Chrome_ChildThread] WARNING: pipe error: 109: file z:/build/build/src/ipc/chromium/src/chrome/common/ipc_channel_win.cc, line 346
[Parent 7252, Gecko_IOThread] WARNING: pipe error: 109: file z:/build/build/src/ipc/chromium/src/chrome/common/ipc_channel_win.cc, line 346
[Child 6448, Chrome_ChildThread] WARNING: pipe error: 109: file z:/build/build/src/ipc/chromium/src/chrome/common/ipc_channel_win.cc, line 346
[Child 6448, Chrome_ChildThread] WARNING: pipe error: 109: file z:/build/build/src/ipc/chromium/src/chrome/common/ipc_channel_win.cc, line 346
[GPU 9660, Chrome_ChildThread] WARNING: pipe error: 109: file z:/build/build/src/ipc/chromium/src/chrome/common/ipc_channel_win.cc, line 346

###!!! [Child][MessageChannel::SendAndWait] Error: Channel error: cannot send/recv

1539663170120	mozrunner::runner	INFO	Running command: "C:\\Program Files\\Mozilla Firefox\\firefox.exe" "-marionette" "-foreground" "-no-remote" "-profile" "C:\\Users\\ADMINI~1\\AppData\\Local\\Temp\\rust_mozprofile.HGS0LI1TywtJ"
1539663197811	Marionette	INFO	Listening on port 27155
1539663198191	Marionette	WARN	TLS certificate errors will be ignored for this session
1539663198216	Marionette	DEBUG	[6442450945] Frame script loaded
1539663198217	Marionette	DEBUG	[6442450945] Frame script registered
1539663198229	Marionette	DEBUG	[6442450945] Received DOM event beforeunload for about:blank
1539663203521	Marionette	DEBUG	[6442450945] Received DOM event pagehide for about:blank
1539663208616	Marionette	DEBUG	[6442450945] Received DOM event DOMContentLoaded for https://cas.homeaway.com/auth/homeaway/login?service=https%3A%2F%2Fwww.homeaway.com%2Fhaod%2Fauth%2Fsignin.html
JavaScript warning: https://cas.homeaway.com/_Incapsula_Resource?SWJIYLWA=719d34d31c8e3a6e6fffd425f7e032f3&ns=1&cb=1897393798, line 1: unreachable code after return statement
JavaScript warning: https://cas.homeaway.com/_Incapsula_Resource?SWJIYLWA=719d34d31c8e3a6e6fffd425f7e032f3&ns=1&cb=1897393798, line 1: unreachable code after return statement
JavaScript warning: https://cas.homeaway.com/_Incapsula_Resource?SWJIYLWA=719d34d31c8e3a6e6fffd425f7e032f3&ns=1&cb=1897393798 line 1 > eval, line 1: unreachable code after return statement
1539663214936	Marionette	DEBUG	[6442450945] Received DOM event pageshow for https://cas.homeaway.com/auth/homeaway/login?service=https%3A%2F%2Fwww.homeaway.com%2Fhaod%2Fauth%2Fsignin.html
[Parent 5844, Gecko_IOThread] WARNING: pipe error: 109: file z:/build/build/src/ipc/chromium/src/chrome/common/ipc_channel_win.cc, line 346
JavaScript warning: https://www.homeaway.com/_Incapsula_Resource?SWJIYLWA=719d34d31c8e3a6e6fffd425f7e032f3&ns=3&cb=1350211995, line 1: unreachable code after return statement
JavaScript warning: https://www.homeaway.com/_Incapsula_Resource?SWJIYLWA=719d34d31c8e3a6e6fffd425f7e032f3&ns=3&cb=1350211995, line 1: unreachable code after return statement
JavaScript warning: https://www.homeaway.com/_Incapsula_Resource?SWJIYLWA=719d34d31c8e3a6e6fffd425f7e032f3&ns=3&cb=1350211995 line 1 > eval, line 1: unreachable code after return statement
JavaScript warning: https://csvcus.homeaway.com/rsrcs/jquery/1.10.2/jquery.min.js, line 1: Using //@ to indicate sourceMappingURL pragmas is deprecated. Use //# instead
JavaScript warning: https://www.googletagmanager.com/gtag/js?id=AW-956451546&l=adwordsDataLayer, line 74: unreachable code after return statement
JavaScript warning: https://www.googletagmanager.com/gtag/js?id=AW-956451546&l=adwordsDataLayer, line 74: unreachable code after return statement
1539663249626	Marionette	DEBUG	[6442450945] Received DOM event beforeunload for https://www.homeaway.com/haod/properties.html
1539663251850	Marionette	DEBUG	[6442450945] Received DOM event pagehide for https://www.homeaway.com/haod/properties.html
1539663251850	Marionette	DEBUG	[6442450945] Received DOM event unload for https://www.homeaway.com/haod/properties.html
1539663257866	Marionette	DEBUG	[6442450945] Received DOM event DOMContentLoaded for https://cas.homeaway.com/auth/homeaway/login?service=https%3A%2F%2Fwww.homeaway.com%2Flm%2Fauth%2Fsignin.html
1539663257874	Marionette	DEBUG	[6442450945] Received observer notification outer-window-destroyed for 6442450966
1539663257874	Marionette	DEBUG	[6442450945] Received observer notification outer-window-destroyed for 6442450968
1539663257874	Marionette	DEBUG	[6442450945] Received observer notification outer-window-destroyed for 6442450970
1539663257874	Marionette	DEBUG	[6442450945] Received observer notification outer-window-destroyed for 6442450973
1539663258868	Marionette	DEBUG	[6442450945] Received DOM event pageshow for https://cas.homeaway.com/auth/homeaway/login?service=https%3A%2F%2Fwww.homeaway.com%2Flm%2Fauth%2Fsignin.html
JavaScript warning: https://csvcus.homeaway.com/rsrcs/jquery/1.10.2/jquery.min.js, line 1: Using //@ to indicate sourceMappingURL pragmas is deprecated. Use //# instead
1539663277341	Marionette	INFO	Stopped listening on port 27155
[Child 9760, Chrome_ChildThread] WARNING: pipe error: 109: file z:/build/build/src/ipc/chromium/src/chrome/common/ipc_channel_win.cc, line 346
[Child 9760, Chrome_ChildThread] WARNING: pipe error: 109: file z:/build/build/src/ipc/chromium/src/chrome/common/ipc_channel_win.cc, line 346
[Child 5260, Chrome_ChildThread] WARNING: pipe error: 109: file z:/build/build/src/ipc/chromium/src/chrome/common/ipc_channel_win.cc, line 346
[Child 5260, Chrome_ChildThread] WARNING: pipe error: 109: file z:/build/build/src/ipc/chromium/src/chrome/common/ipc_channel_win.cc, line 346

###!!! [Parent][MessageChannel] Error: (msgtype=0x7A0009,name=PTCPSocket::Msg_UpdateBufferedAmount) Closed channel: cannot send/recv

[Parent 5844, Gecko_IOThread] WARNING: pipe error: 109: file z:/build/build/src/ipc/chromium/src/chrome/common/ipc_channel_win.cc, line 346
[Child 9828, Chrome_ChildThread] WARNING: pipe error: 109: file z:/build/build/src/ipc/chromium/src/chrome/common/ipc_channel_win.cc, line 346
[Child 9828, Chrome_ChildThread] WARNING: pipe error: 109: file z:/build/build/src/ipc/chromium/src/chrome/common/ipc_channel_win.cc, line 346
[GPU 3260, Chrome_ChildThread] WARNING: pipe error: 109: file z:/build/build/src/ipc/chromium/src/chrome/common/ipc_channel_win.cc, line 346

###!!! [Child][MessageChannel::SendAndWait] Error: Channel error: cannot send/recv

1539663388598	mozrunner::runner	INFO	Running command: "C:\\Program Files\\Mozilla Firefox\\firefox.exe" "-marionette" "-foreground" "-no-remote" "-profile" "C:\\Users\\ADMINI~1\\AppData\\Local\\Temp\\rust_mozprofile.utyPJDr7z2G5"
1539663396017	Marionette	INFO	Listening on port 27494
1539663396277	Marionette	WARN	TLS certificate errors will be ignored for this session
1539663396300	Marionette	DEBUG	[6442450945] Frame script loaded
1539663396302	Marionette	DEBUG	[6442450945] Frame script registered
1539663396323	Marionette	DEBUG	[6442450945] Received DOM event beforeunload for about:blank
1539663399329	Marionette	DEBUG	[6442450945] Received DOM event pagehide for about:blank
1539663407579	Marionette	DEBUG	[6442450945] Received DOM event DOMContentLoaded for https://cas.homeaway.com/auth/homeaway/login?service=https%3A%2F%2Fwww.homeaway.com%2Fhaod%2Fauth%2Fsignin.html
JavaScript warning: https://cas.homeaway.com/_Incapsula_Resource?SWJIYLWA=719d34d31c8e3a6e6fffd425f7e032f3&ns=1&cb=54610048, line 1: unreachable code after return statement
JavaScript warning: https://cas.homeaway.com/_Incapsula_Resource?SWJIYLWA=719d34d31c8e3a6e6fffd425f7e032f3&ns=1&cb=54610048, line 1: unreachable code after return statement
JavaScript warning: https://cas.homeaway.com/_Incapsula_Resource?SWJIYLWA=719d34d31c8e3a6e6fffd425f7e032f3&ns=1&cb=54610048 line 1 > eval, line 1: unreachable code after return statement
1539663417375	Marionette	DEBUG	[6442450945] Received DOM event pageshow for https://cas.homeaway.com/auth/homeaway/login?service=https%3A%2F%2Fwww.homeaway.com%2Fhaod%2Fauth%2Fsignin.html
JavaScript error: resource:///modules/PageStyleHandler.jsm, line 54: NS_NOINTERFACE: Component returned failure code: 0x80004002 (NS_NOINTERFACE) [nsIInterfaceRequestor.getInterface]
JavaScript error: resource:///modules/PageStyleHandler.jsm, line 54: NS_NOINTERFACE: Component returned failure code: 0x80004002 (NS_NOINTERFACE) [nsIInterfaceRequestor.getInterface]
JavaScript error: resource:///modules/PageStyleHandler.jsm, line 54: NS_NOINTERFACE: Component returned failure code: 0x80004002 (NS_NOINTERFACE) [nsIInterfaceRequestor.getInterface]
JavaScript warning: https://www.homeaway.com/_Incapsula_Resource?SWJIYLWA=719d34d31c8e3a6e6fffd425f7e032f3&ns=3&cb=829751895, line 1: unreachable code after return statement
JavaScript warning: https://www.homeaway.com/_Incapsula_Resource?SWJIYLWA=719d34d31c8e3a6e6fffd425f7e032f3&ns=3&cb=829751895, line 1: unreachable code after return statement
JavaScript warning: https://www.homeaway.com/_Incapsula_Resource?SWJIYLWA=719d34d31c8e3a6e6fffd425f7e032f3&ns=3&cb=829751895 line 1 > eval, line 1: unreachable code after return statement
JavaScript warning: https://csvcus.homeaway.com/rsrcs/jquery/1.10.2/jquery.min.js, line 1: Using //@ to indicate sourceMappingURL pragmas is deprecated. Use //# instead
1539663449781	Marionette	DEBUG	[6442450945] Received DOM event beforeunload for https://www.homeaway.com/haod/properties.html
JavaScript error: https://csvcus.homeaway.com/rsrcs/require/2.1.8/require.min.js, line 8: Error: Script error for: @homeaway/react-partner-nav-tour
http://requirejs.org/docs/errors.html#scripterror
JavaScript error: https://csvcus.homeaway.com/rsrcs/require/2.1.8/require.min.js, line 8: Error: Script error for: @homeaway/partner-nav
http://requirejs.org/docs/errors.html#scripterror
JavaScript error: https://csvcus.homeaway.com/rsrcs/require/2.1.8/require.min.js, line 8: Error: Script error for: timezone
http://requirejs.org/docs/errors.html#scripterror
JavaScript error: https://csvcus.homeaway.com/rsrcs/require/2.1.8/require.min.js, line 8: Error: Script error for: modal-dialog
http://requirejs.org/docs/errors.html#scripterror
JavaScript error: https://csvcus.homeaway.com/rsrcs/require/2.1.8/require.min.js, line 8: Error: Script error for: utils
http://requirejs.org/docs/errors.html#scripterror
JavaScript error: https://csvcus.homeaway.com/rsrcs/require/2.1.8/require.min.js, line 8: Error: Script error for: ha-feedback
http://requirejs.org/docs/errors.html#scripterror
JavaScript error: https://csvcus.homeaway.com/rsrcs/require/2.1.8/require.min.js, line 8: Error: Script error for: ha_bootstrap
http://requirejs.org/docs/errors.html#scripterror
1539663451280	Marionette	DEBUG	[6442450945] Received DOM event pagehide for https://www.homeaway.com/haod/properties.html
1539663451280	Marionette	DEBUG	[6442450945] Received DOM event unload for https://www.homeaway.com/haod/properties.html
1539663451561	Marionette	DEBUG	[6442450945] Received DOM event DOMContentLoaded for https://cas.homeaway.com/auth/homeaway/login?service=https%3A%2F%2Fwww.homeaway.com%2Flm%2Fauth%2Fsignin.html
1539663453264	Marionette	DEBUG	[6442450945] Received DOM event pageshow for https://cas.homeaway.com/auth/homeaway/login?service=https%3A%2F%2Fwww.homeaway.com%2Flm%2Fauth%2Fsignin.html
JavaScript warning: https://csvcus.homeaway.com/rsrcs/jquery/1.10.2/jquery.min.js, line 1: Using //@ to indicate sourceMappingURL pragmas is deprecated. Use //# instead
[Parent 10124, Gecko_IOThread] WARNING: pipe error: 109: file z:/build/build/src/ipc/chromium/src/chrome/common/ipc_channel_win.cc, line 346
1539663466639	Marionette	DEBUG	[6442450945] Canceled page load listener because no navigation has been detected
1539663466831	Marionette	DEBUG	[6442450945] Received DOM event beforeunload for https://www.homeaway.com/lm/121.7394528.6765571/loc.html
1539663470032	Marionette	DEBUG	[6442450945] Received DOM event pagehide for https://www.homeaway.com/lm/121.7394528.6765571/loc.html
1539663470033	Marionette	DEBUG	[6442450945] Received DOM event unload for https://www.homeaway.com/lm/121.7394528.6765571/loc.html
1539663479070	Marionette	DEBUG	[6442450945] Received DOM event DOMContentLoaded for https://www.homeaway.com/lm/121.7394552.6765595/loc.html
1539663479078	Marionette	DEBUG	[6442450945] Received observer notification outer-window-destroyed for 6442450981
1539663479078	Marionette	DEBUG	[6442450945] Received observer notification outer-window-destroyed for 6442450976
1539663479078	Marionette	DEBUG	[6442450945] Received observer notification outer-window-destroyed for 6442450977
1539663479079	Marionette	DEBUG	[6442450945] Received observer notification outer-window-destroyed for 6442450974
JavaScript warning: https://csvcus.homeaway.com/rsrcs/jquery/1.10.2/jquery.min.js, line 1: Using //@ to indicate sourceMappingURL pragmas is deprecated. Use //# instead
[Parent 10124, Gecko_IOThread] WARNING: pipe error: 109: file z:/build/build/src/ipc/chromium/src/chrome/common/ipc_channel_win.cc, line 346
JavaScript warning: https://www.googletagmanager.com/gtag/js?id=AW-956451546&l=adwordsDataLayer, line 74: unreachable code after return statement
JavaScript warning: https://www.googletagmanager.com/gtag/js?id=AW-956451546&l=adwordsDataLayer, line 74: unreachable code after return statement
1539663487492	Marionette	DEBUG	[6442450945] Received DOM event pageshow for https://www.homeaway.com/lm/121.7394552.6765595/loc.html
JavaScript warning: https://csvcus.homeaway.com/rsrcs/jquery/1.10.2/jquery.min.js, line 1: Using //@ to indicate sourceMappingURL pragmas is deprecated. Use //# instead
JavaScript warning: https://www.googletagmanager.com/gtag/js?id=AW-956451546&l=adwordsDataLayer, line 74: unreachable code after return statement
JavaScript warning: https://www.googletagmanager.com/gtag/js?id=AW-956451546&l=adwordsDataLayer, line 74: unreachable code after return statement
1539663533806	Marionette	INFO	Stopped listening on port 27494
[Child 9648, Chrome_ChildThread] WARNING: pipe error: 109: file z:/build/build/src/ipc/chromium/src/chrome/common/ipc_channel_win.cc, line 346
[Child 9648, Chrome_ChildThread] WARNING: pipe error: 109: file z:/build/build/src/ipc/chromium/src/chrome/common/ipc_channel_win.cc, line 346
[Parent 10124, Gecko_IOThread] WARNING: pipe error: 109: file z:/build/build/src/ipc/chromium/src/chrome/common/ipc_channel_win.cc, line 346
[Child 9800, Chrome_ChildThread] WARNING: pipe error: 109: file z:/build/build/src/ipc/chromium/src/chrome/common/ipc_channel_win.cc, line 346
[Child 9800, Chrome_ChildThread] WARNING: pipe error: 109: file z:/build/build/src/ipc/chromium/src/chrome/common/ipc_channel_win.cc, line 346
[GPU 4416, Chrome_ChildThread] WARNING: pipe error: 109: file z:/build/build/src/ipc/chromium/src/chrome/common/ipc_channel_win.cc, line 346

###!!! [Child][MessageChannel::SendAndWait] Error: Channel error: cannot send/recv

1539664510975	mozrunner::runner	INFO	Running command: "C:\\Program Files\\Mozilla Firefox\\firefox.exe" "-marionette" "-foreground" "-no-remote" "-profile" "C:\\Users\\ADMINI~1\\AppData\\Local\\Temp\\rust_mozprofile.OHXuLT4I0PQP"
1539664522444	Marionette	INFO	Listening on port 29309
[Child 5244, Chrome_ChildThread] WARNING: pipe error: 109: file z:/build/build/src/ipc/chromium/src/chrome/common/ipc_channel_win.cc, line 346
[Child 5244, Chrome_ChildThread] WARNING: pipe error: 109: file z:/build/build/src/ipc/chromium/src/chrome/common/ipc_channel_win.cc, line 346
[Parent 5884, Gecko_IOThread] WARNING: file z:/build/build/src/ipc/chromium/src/base/process_util_win.cc, line 188
1539664522500	Marionette	WARN	TLS certificate errors will be ignored for this session
1539664525957	Marionette	DEBUG	[6442450945] Frame script loaded
1539664525959	Marionette	DEBUG	[6442450945] Frame script registered
1539664525978	Marionette	DEBUG	[6442450945] Received DOM event beforeunload for about:blank
1539664528112	Marionette	DEBUG	[6442450945] Received DOM event pagehide for about:blank
1539664528113	Marionette	DEBUG	[6442450945] Received DOM event unload for about:blank
1539664531925	Marionette	DEBUG	[6442450945] Received DOM event DOMContentLoaded for https://cas.homeaway.com/auth/homeaway/login?service=https%3A%2F%2Fwww.homeaway.com%2Fhaod%2Fauth%2Fsignin.html
JavaScript warning: https://cas.homeaway.com/_Incapsula_Resource?SWJIYLWA=719d34d31c8e3a6e6fffd425f7e032f3&ns=1&cb=1924234792, line 1: unreachable code after return statement
JavaScript warning: https://cas.homeaway.com/_Incapsula_Resource?SWJIYLWA=719d34d31c8e3a6e6fffd425f7e032f3&ns=1&cb=1924234792, line 1: unreachable code after return statement
JavaScript warning: https://cas.homeaway.com/_Incapsula_Resource?SWJIYLWA=719d34d31c8e3a6e6fffd425f7e032f3&ns=1&cb=1924234792 line 1 > eval, line 1: unreachable code after return statement
1539664535595	Marionette	DEBUG	[6442450945] Received DOM event pageshow for https://cas.homeaway.com/auth/homeaway/login?service=https%3A%2F%2Fwww.homeaway.com%2Fhaod%2Fauth%2Fsignin.html
[Parent 5884, Gecko_IOThread] WARNING: pipe error: 109: file z:/build/build/src/ipc/chromium/src/chrome/common/ipc_channel_win.cc, line 346
JavaScript warning: https://www.homeaway.com/_Incapsula_Resource?SWJIYLWA=719d34d31c8e3a6e6fffd425f7e032f3&ns=3&cb=1237413147, line 1: unreachable code after return statement
JavaScript warning: https://www.homeaway.com/_Incapsula_Resource?SWJIYLWA=719d34d31c8e3a6e6fffd425f7e032f3&ns=3&cb=1237413147, line 1: unreachable code after return statement
JavaScript warning: https://www.homeaway.com/_Incapsula_Resource?SWJIYLWA=719d34d31c8e3a6e6fffd425f7e032f3&ns=3&cb=1237413147 line 1 > eval, line 1: unreachable code after return statement
JavaScript warning: https://csvcus.homeaway.com/rsrcs/jquery/1.10.2/jquery.min.js, line 1: Using //@ to indicate sourceMappingURL pragmas is deprecated. Use //# instead
1539664568118	Marionette	DEBUG	[6442450945] Received DOM event beforeunload for https://www.homeaway.com/haod/properties.html
JavaScript error: https://csvcus.homeaway.com/rsrcs/require/2.1.8/require.min.js, line 8: Error: Script error for: uicoreMessages
http://requirejs.org/docs/errors.html#scripterror
JavaScript error: https://csvcus.homeaway.com/rsrcs/require/2.1.8/require.min.js, line 8: Error: Script error for: @homeaway/partner-nav
http://requirejs.org/docs/errors.html#scripterror
JavaScript error: https://csvcus.homeaway.com/rsrcs/require/2.1.8/require.min.js, line 8: Error: Script error for: @homeaway/react-partner-nav-tour
http://requirejs.org/docs/errors.html#scripterror
1539664572264	Marionette	DEBUG	[6442450945] Received DOM event pagehide for https://www.homeaway.com/haod/properties.html
1539664572264	Marionette	DEBUG	[6442450945] Received DOM event unload for https://www.homeaway.com/haod/properties.html
1539664583499	Marionette	DEBUG	[6442450945] Received DOM event DOMContentLoaded for https://cas.homeaway.com/auth/homeaway/login?service=https%3A%2F%2Fwww.homeaway.com%2Flm%2Fauth%2Fsignin.html
1539664585562	Marionette	DEBUG	[6442450945] Received DOM event pageshow for https://cas.homeaway.com/auth/homeaway/login?service=https%3A%2F%2Fwww.homeaway.com%2Flm%2Fauth%2Fsignin.html
[Parent 5884, Gecko_IOThread] WARNING: pipe error: 109: file z:/build/build/src/ipc/chromium/src/chrome/common/ipc_channel_win.cc, line 346
JavaScript warning: https://csvcus.homeaway.com/rsrcs/jquery/1.10.2/jquery.min.js, line 1: Using //@ to indicate sourceMappingURL pragmas is deprecated. Use //# instead
1539664607055	Marionette	DEBUG	[6442450945] Canceled page load listener because no navigation has been detected
JavaScript error: https://csvcus.homeaway.com/rsrcs/require/2.1.8/require.min.js, line 8: Error: Script error for: @homeaway/partner-nav
http://requirejs.org/docs/errors.html#scripterror
JavaScript error: https://csvcus.homeaway.com/rsrcs/jquery/1.10.2/jquery.min.js, line 4: SyntaxError: JSON.parse: unexpected end of data at line 1 column 1 of the JSON data
1539664607079	Marionette	DEBUG	[6442450945] Received DOM event beforeunload for https://www.homeaway.com/lm/121.7394528.6765571/loc.html
1539664609925	Marionette	DEBUG	[6442450945] Received DOM event pagehide for https://www.homeaway.com/lm/121.7394528.6765571/loc.html
1539664609926	Marionette	DEBUG	[6442450945] Received DOM event unload for https://www.homeaway.com/lm/121.7394528.6765571/loc.html
1539664617665	Marionette	DEBUG	[6442450945] Received DOM event DOMContentLoaded for https://www.homeaway.com/lm/121.7394552.6765595/loc.html
1539664617674	Marionette	DEBUG	[6442450945] Received observer notification outer-window-destroyed for 6442450978
1539664617674	Marionette	DEBUG	[6442450945] Received observer notification outer-window-destroyed for 6442450979
1539664617675	Marionette	DEBUG	[6442450945] Received observer notification outer-window-destroyed for 6442450976
JavaScript warning: https://csvcus.homeaway.com/rsrcs/jquery/1.10.2/jquery.min.js, line 1: Using //@ to indicate sourceMappingURL pragmas is deprecated. Use //# instead
JavaScript warning: https://www.googletagmanager.com/gtag/js?id=AW-956451546&l=adwordsDataLayer, line 74: unreachable code after return statement
JavaScript warning: https://www.googletagmanager.com/gtag/js?id=AW-956451546&l=adwordsDataLayer, line 74: unreachable code after return statement
1539664631873	Marionette	DEBUG	[6442450945] Received DOM event pageshow for https://www.homeaway.com/lm/121.7394552.6765595/loc.html
[Parent 5884, Gecko_IOThread] WARNING: pipe error: 109: file z:/build/build/src/ipc/chromium/src/chrome/common/ipc_channel_win.cc, line 346
1539664686623	Marionette	INFO	Stopped listening on port 29309
[Parent 5884, Gecko_IOThread] WARNING: pipe error: 109: file z:/build/build/src/ipc/chromium/src/chrome/common/ipc_channel_win.cc, line 346
[Child 3340, Chrome_ChildThread] WARNING: pipe error: 109: file z:/build/build/src/ipc/chromium/src/chrome/common/ipc_channel_win.cc, line 346
[Child 8508, Chrome_ChildThread] WARNING: pipe error: 109: file z:/build/build/src/ipc/chromium/src/chrome/common/ipc_channel_win.cc, line 346
[Child 8508, Chrome_ChildThread] WARNING: pipe error: 109: file z:/build/build/src/ipc/chromium/src/chrome/common/ipc_channel_win.cc, line 346
[Parent 5884, Gecko_IOThread] WARNING: pipe error: 109: file z:/build/build/src/ipc/chromium/src/chrome/common/ipc_channel_win.cc, line 346
[Child 3260, Chrome_ChildThread] WARNING: pipe error: 109: file z:/build/build/src/ipc/chromium/src/chrome/common/ipc_channel_win.cc, line 346
[GPU 5704, Chrome_ChildThread] WARNING: pipe error: 109: file z:/build/build/src/ipc/chromium/src/chrome/common/ipc_channel_win.cc, line 346

###!!! [Child][MessageChannel::SendAndWait] Error: Channel error: cannot send/recv

1544852811423	mozrunner::runner	INFO	Running command: "C:\\Program Files\\Mozilla Firefox\\firefox.exe" "-marionette" "-foreground" "-no-remote" "-profile" "C:\\Users\\ADMINI~1\\AppData\\Local\\Temp\\rust_mozprofile.dEMRBw5y0DZJ"
[Parent 6660, Gecko_IOThread] WARNING: pipe error: 109: file z:/build/build/src/ipc/chromium/src/chrome/common/ipc_channel_win.cc, line 346
[Child 3476, Chrome_ChildThread] WARNING: pipe error: 109: file z:/build/build/src/ipc/chromium/src/chrome/common/ipc_channel_win.cc, line 346
[Parent 6660, Gecko_IOThread] WARNING: file z:/build/build/src/ipc/chromium/src/base/process_util_win.cc, line 188
1544852842393	Marionette	INFO	Listening on port 1820
1544852842937	Marionette	WARN	TLS certificate errors will be ignored for this session
[Parent 6660, Gecko_IOThread] WARNING: pipe error: 109: file z:/build/build/src/ipc/chromium/src/chrome/common/ipc_channel_win.cc, line 346
JavaScript warning: https://www.homeaway.com/_Incapsula_Resource?SWJIYLWA=719d34d31c8e3a6e6fffd425f7e032f3&ns=4&cb=1189312090, line 1: unreachable code after return statement
JavaScript warning: https://www.homeaway.com/_Incapsula_Resource?SWJIYLWA=719d34d31c8e3a6e6fffd425f7e032f3&ns=4&cb=1189312090, line 1: unreachable code after return statement
JavaScript warning: https://www.homeaway.com/_Incapsula_Resource?SWJIYLWA=719d34d31c8e3a6e6fffd425f7e032f3&ns=4&cb=1189312090 line 1 > eval, line 1: unreachable code after return statement
JavaScript warning: https://csvcus.homeaway.com/rsrcs/jquery/1.10.2/jquery.min.js, line 1: Using //@ to indicate sourceMappingURL pragmas is deprecated. Use //# instead
JavaScript warning: https://www.googletagmanager.com/gtag/js?id=AW-956451546&l=adwordsDataLayer, line 87: unreachable code after return statement
JavaScript warning: https://www.googletagmanager.com/gtag/js?id=AW-956451546&l=adwordsDataLayer, line 147: unreachable code after return statement
JavaScript warning: https://www.googletagmanager.com/gtag/js?id=AW-956451546&l=adwordsDataLayer, line 147: unreachable code after return statement
JavaScript warning: https://www.googletagmanager.com/gtag/js?id=AW-956451546&l=adwordsDataLayer, line 147: unreachable code after return statement
JavaScript warning: https://www.googletagmanager.com/gtag/js?id=AW-956451546&l=adwordsDataLayer, line 87: unreachable code after return statement
JavaScript warning: https://www.googletagmanager.com/gtag/js?id=AW-956451546&l=adwordsDataLayer, line 147: unreachable code after return statement
[Parent 6660, Gecko_IOThread] WARNING: pipe error: 109: file z:/build/build/src/ipc/chromium/src/chrome/common/ipc_channel_win.cc, line 346
[Parent 6660, Gecko_IOThread] WARNING: pipe error: 109: file z:/build/build/src/ipc/chromium/src/chrome/common/ipc_channel_win.cc, line 346
JavaScript warning: https://csvcus.homeaway.com/rsrcs/jquery/1.10.2/jquery.min.js, line 1: Using //@ to indicate sourceMappingURL pragmas is deprecated. Use //# instead
JavaScript error: https://csvcus.homeaway.com/rsrcs/require/2.1.8/require.min.js, line 8: Error: Script error for: @homeaway/partner-nav
http://requirejs.org/docs/errors.html#scripterror
JavaScript warning: https://csvcus.homeaway.com/rsrcs/jquery/1.10.2/jquery.min.js, line 1: Using //@ to indicate sourceMappingURL pragmas is deprecated. Use //# instead
JavaScript warning: https://www.googletagmanager.com/gtag/js?id=AW-956451546&l=adwordsDataLayer, line 87: unreachable code after return statement
JavaScript warning: https://www.googletagmanager.com/gtag/js?id=AW-956451546&l=adwordsDataLayer, line 147: unreachable code after return statement
JavaScript warning: https://www.googletagmanager.com/gtag/js?id=AW-956451546&l=adwordsDataLayer, line 147: unreachable code after return statement
JavaScript warning: https://www.googletagmanager.com/gtag/js?id=AW-956451546&l=adwordsDataLayer, line 147: unreachable code after return statement
JavaScript warning: https://www.googletagmanager.com/gtag/js?id=AW-956451546&l=adwordsDataLayer, line 87: unreachable code after return statement
JavaScript warning: https://www.googletagmanager.com/gtag/js?id=AW-956451546&l=adwordsDataLayer, line 147: unreachable code after return statement
[Parent 6660, Gecko_IOThread] WARNING: pipe error: 109: file z:/build/build/src/ipc/chromium/src/chrome/common/ipc_channel_win.cc, line 346
1544852919359	Marionette	INFO	Stopped listening on port 1820
[Child 6212, Chrome_ChildThread] WARNING: pipe error: 109: file z:/build/build/src/ipc/chromium/src/chrome/common/ipc_channel_win.cc, line 346
[Child 6212, Chrome_ChildThread] WARNING: pipe error: 109: file z:/build/build/src/ipc/chromium/src/chrome/common/ipc_channel_win.cc, line 346
[Parent 6660, Gecko_IOThread] WARNING: file z:/build/build/src/ipc/chromium/src/base/process_util_win.cc, line 188
[Parent 6660, Gecko_IOThread] WARNING: pipe error: 109: file z:/build/build/src/ipc/chromium/src/chrome/common/ipc_channel_win.cc, line 346
[Child 7164, Chrome_ChildThread] WARNING: pipe error: 109: file z:/build/build/src/ipc/chromium/src/chrome/common/ipc_channel_win.cc, line 346
[Child 7164, Chrome_ChildThread] WARNING: pipe error: 109: file z:/build/build/src/ipc/chromium/src/chrome/common/ipc_channel_win.cc, line 346
[Parent 6660, Gecko_IOThread] WARNING: pipe error: 109: file z:/build/build/src/ipc/chromium/src/chrome/common/ipc_channel_win.cc, line 346
[Child 7224, Chrome_ChildThread] WARNING: pipe error: 109: file z:/build/build/src/ipc/chromium/src/chrome/common/ipc_channel_win.cc, line 346
[Child 7224, Chrome_ChildThread] WARNING: pipe error: 109: file z:/build/build/src/ipc/chromium/src/chrome/common/ipc_channel_win.cc, line 346

###!!! [Child][MessageChannel::SendAndWait] Error: Channel error: cannot send/recv

1544854275800	mozrunner::runner	INFO	Running command: "C:\\Program Files\\Mozilla Firefox\\firefox.exe" "-marionette" "-foreground" "-no-remote" "-profile" "C:\\Users\\ADMINI~1\\AppData\\Local\\Temp\\rust_mozprofile.vhdX4pLtRSYf"
1544854278938	Marionette	INFO	Listening on port 2983
1544854279059	Marionette	WARN	TLS certificate errors will be ignored for this session
1544854279093	Marionette	INFO	Stopped listening on port 2983
JavaScript error: resource://activity-stream/lib/ActivityStreamPrefs.jsm, line 29: NS_ERROR_ILLEGAL_VALUE: Component returned failure code: 0x80070057 (NS_ERROR_ILLEGAL_VALUE) [nsIPrefBranch.removeObserver]
[Parent 3996, Gecko_IOThread] WARNING: pipe error: 109: file z:/build/build/src/ipc/chromium/src/chrome/common/ipc_channel_win.cc, line 346
[Child 7908, Chrome_ChildThread] WARNING: pipe error: 109: file z:/build/build/src/ipc/chromium/src/chrome/common/ipc_channel_win.cc, line 346
[Child 7908, Chrome_ChildThread] WARNING: pipe error: 109: file z:/build/build/src/ipc/chromium/src/chrome/common/ipc_channel_win.cc, line 346
[Child 7956, Chrome_ChildThread] WARNING: pipe error: 109: file z:/build/build/src/ipc/chromium/src/chrome/common/ipc_channel_win.cc, line 346
[Child 7956, Chrome_ChildThread] WARNING: pipe error: 109: file z:/build/build/src/ipc/chromium/src/chrome/common/ipc_channel_win.cc, line 346
JavaScript error: resource://gre/modules/JSONFile.jsm, line 159: Error: Data is not ready.
console.error: PushService: 
  clearOriginData: Error clearing origin data:
  UnknownError
console.error: PushService: 
  stateChangeProcessEnqueue: Error transitioning state
  UnknownError

###!!! [Parent][DispatchAsyncMessage] Error: PBackgroundIDBFactory::Msg_PBackgroundIDBFactoryRequestConstructor Value error: message was deserialized, but contained an illegal value


###!!! [Parent][DispatchAsyncMessage] Error: PBackgroundIDBFactory::Msg_PBackgroundIDBFactoryRequestConstructor Value error: message was deserialized, but contained an illegal value


###!!! [Child][RunMessage] Error: Channel closing: too late to send/recv, messages will be lost

[GPU 6468, Chrome_ChildThread] WARNING: pipe error: 109: file z:/build/build/src/ipc/chromium/src/chrome/common/ipc_channel_win.cc, line 346

###!!! [Child][MessageChannel::SendAndWait] Error: Channel error: cannot send/recv

1544854382611	mozrunner::runner	INFO	Running command: "C:\\Program Files\\Mozilla Firefox\\firefox.exe" "-marionette" "-foreground" "-no-remote" "-profile" "C:\\Users\\ADMINI~1\\AppData\\Local\\Temp\\rust_mozprofile.dmZmunXu8EqM"
1544854386383	Marionette	INFO	Listening on port 3048
1544854386473	Marionette	WARN	TLS certificate errors will be ignored for this session
JavaScript warning: https://cas.homeaway.com/_Incapsula_Resource?SWJIYLWA=719d34d31c8e3a6e6fffd425f7e032f3&ns=1&cb=1427135400, line 1: unreachable code after return statement
JavaScript warning: https://cas.homeaway.com/_Incapsula_Resource?SWJIYLWA=719d34d31c8e3a6e6fffd425f7e032f3&ns=1&cb=1427135400, line 1: unreachable code after return statement
JavaScript warning: https://cas.homeaway.com/_Incapsula_Resource?SWJIYLWA=719d34d31c8e3a6e6fffd425f7e032f3&ns=1&cb=1427135400 line 1 > eval, line 1: unreachable code after return statement
JavaScript error: resource:///actors/PageStyleChild.jsm, line 17: TypeError: mm is null
[Parent 6260, Gecko_IOThread] WARNING: pipe error: 109: file z:/build/build/src/ipc/chromium/src/chrome/common/ipc_channel_win.cc, line 346
JavaScript warning: https://www.homeaway.com/_Incapsula_Resource?SWJIYLWA=719d34d31c8e3a6e6fffd425f7e032f3&ns=4&cb=957156088, line 1: unreachable code after return statement
JavaScript warning: https://www.homeaway.com/_Incapsula_Resource?SWJIYLWA=719d34d31c8e3a6e6fffd425f7e032f3&ns=4&cb=957156088, line 1: unreachable code after return statement
JavaScript warning: https://www.homeaway.com/_Incapsula_Resource?SWJIYLWA=719d34d31c8e3a6e6fffd425f7e032f3&ns=4&cb=957156088 line 1 > eval, line 1: unreachable code after return statement
JavaScript warning: https://csvcus.homeaway.com/rsrcs/jquery/1.10.2/jquery.min.js, line 1: Using //@ to indicate sourceMappingURL pragmas is deprecated. Use //# instead
JavaScript warning: https://www.googletagmanager.com/gtag/js?id=AW-956451546&l=adwordsDataLayer, line 87: unreachable code after return statement
JavaScript warning: https://www.googletagmanager.com/gtag/js?id=AW-956451546&l=adwordsDataLayer, line 147: unreachable code after return statement
JavaScript warning: https://www.googletagmanager.com/gtag/js?id=AW-956451546&l=adwordsDataLayer, line 147: unreachable code after return statement
JavaScript warning: https://www.googletagmanager.com/gtag/js?id=AW-956451546&l=adwordsDataLayer, line 147: unreachable code after return statement
JavaScript warning: https://www.googletagmanager.com/gtag/js?id=AW-956451546&l=adwordsDataLayer, line 87: unreachable code after return statement
JavaScript warning: https://www.googletagmanager.com/gtag/js?id=AW-956451546&l=adwordsDataLayer, line 147: unreachable code after return statement
[Parent 6260, Gecko_IOThread] WARNING: pipe error: 109: file z:/build/build/src/ipc/chromium/src/chrome/common/ipc_channel_win.cc, line 346
JavaScript warning: https://csvcus.homeaway.com/rsrcs/jquery/1.10.2/jquery.min.js, line 1: Using //@ to indicate sourceMappingURL pragmas is deprecated. Use //# instead
JavaScript error: https://csvcus.homeaway.com/rsrcs/jquery/1.10.2/jquery.min.js, line 4: SyntaxError: JSON.parse: unexpected end of data at line 1 column 1 of the JSON data
JavaScript error: https://csvcus.homeaway.com/rsrcs/require/2.1.8/require.min.js, line 8: Error: Script error for: @homeaway/partner-nav
http://requirejs.org/docs/errors.html#scripterror
JavaScript warning: https://csvcus.homeaway.com/rsrcs/jquery/1.10.2/jquery.min.js, line 1: Using //@ to indicate sourceMappingURL pragmas is deprecated. Use //# instead
JavaScript warning: https://www.googletagmanager.com/gtag/js?id=AW-956451546&l=adwordsDataLayer, line 87: unreachable code after return statement
JavaScript warning: https://www.googletagmanager.com/gtag/js?id=AW-956451546&l=adwordsDataLayer, line 147: unreachable code after return statement
JavaScript warning: https://www.googletagmanager.com/gtag/js?id=AW-956451546&l=adwordsDataLayer, line 147: unreachable code after return statement
JavaScript warning: https://www.googletagmanager.com/gtag/js?id=AW-956451546&l=adwordsDataLayer, line 147: unreachable code after return statement
JavaScript warning: https://www.googletagmanager.com/gtag/js?id=AW-956451546&l=adwordsDataLayer, line 87: unreachable code after return statement
JavaScript warning: https://www.googletagmanager.com/gtag/js?id=AW-956451546&l=adwordsDataLayer, line 147: unreachable code after return statement
1544854474688	Marionette	INFO	Stopped listening on port 3048
[Child 6204, Chrome_ChildThread] WARNING: pipe error: 109: file z:/build/build/src/ipc/chromium/src/chrome/common/ipc_channel_win.cc, line 346
[Child 6204, Chrome_ChildThread] WARNING: pipe error: 109: file z:/build/build/src/ipc/chromium/src/chrome/common/ipc_channel_win.cc, line 346
[Child 6244, Chrome_ChildThread] WARNING: pipe error: 232: file z:/build/build/src/ipc/chromium/src/chrome/common/ipc_channel_win.cc, line 513
[Child 6244, Chrome_ChildThread] WARNING: pipe error: 109: file z:/build/build/src/ipc/chromium/src/chrome/common/ipc_channel_win.cc, line 346
[Parent 6260, Gecko_IOThread] WARNING: pipe error: 109: file z:/build/build/src/ipc/chromium/src/chrome/common/ipc_channel_win.cc, line 346
[Child 7436, Chrome_ChildThread] WARNING: pipe error: 109: file z:/build/build/src/ipc/chromium/src/chrome/common/ipc_channel_win.cc, line 346
[Child 7436, Chrome_ChildThread] WARNING: pipe error: 109: file z:/build/build/src/ipc/chromium/src/chrome/common/ipc_channel_win.cc, line 346

###!!! [Child][RunMessage] Error: Channel closing: too late to send/recv, messages will be lost

[GPU 592, Chrome_ChildThread] WARNING: pipe error: 109: file z:/build/build/src/ipc/chromium/src/chrome/common/ipc_channel_win.cc, line 346
